<?xml version="1.0" encoding="UTF-8"?>
<testng-results skipped="0" failed="0" ignored="0" total="1" passed="1">
  <reporter-output>
  </reporter-output>
  <suite name="Default suite" duration-ms="6287" started-at="2022-06-09T06:23:04Z" finished-at="2022-06-09T06:23:11Z">
    <groups>
    </groups>
    <test name="Default test" duration-ms="6287" started-at="2022-06-09T06:23:04Z" finished-at="2022-06-09T06:23:11Z">
      <class name="org.omrBranch.SampleTestNG">
        <test-method status="PASS" signature="login()[pri:0, instance:org.omrBranch.SampleTestNG@d56d67]" name="login" duration-ms="6196" started-at="2022-06-09T06:23:04Z" finished-at="2022-06-09T06:23:11Z">
          <reporter-output>
          </reporter-output>
        </test-method> <!-- login -->
      </class> <!-- org.omrBranch.SampleTestNG -->
    </test> <!-- Default test -->
  </suite> <!-- Default suite -->
</testng-results>
